spotify:track:57ryXaSLRXLSnkBgLDR18d
spotify:track:4ho5SygpKfXUTKwAFiv1qt
spotify:track:7cGJ5glRGwygVSx3HXA1XQ
spotify:track:17nlRwwLD4kRffByJIoiFY
spotify:track:2pvs2oJTb7BPAUXPy5M794
spotify:track:1Jf3fmhKw47TH7ChMRyqCQ
spotify:track:5OQClbFlNwfg2qT3A4EJbj
spotify:track:6D6TabCY1IwxqcRQ2Svv2C
spotify:track:6A3kLHJY3wjMcrfHvU5xJo
spotify:track:2O9WnV9DZmyENFT73duq2o
spotify:track:1vznJcaEb439M2od1UVGCy
spotify:track:6HZvQwCVNLaRMJa3JIDbYs
spotify:track:6kgdjTRtO5wsxQyzfjj4ri
spotify:track:2KqWdilqHKZeHaxVa1kApT
spotify:track:5hbd1qnR2Q1BjKmEiKdjtW
spotify:track:7xd9d5qdNLx7wB1lTj2lEQ
spotify:track:59vrdSh5o4lpyaJuUW2BNT
spotify:track:0k85COtyOwrg8EjRleZIxF
spotify:track:1I8956VUImfafRIuccR9Cq
spotify:track:0QVpYFPcwFOllzPpj3yVOb
spotify:track:7ypqforPnkbeii6Wi0Vb32
spotify:track:5BsOb3PMGwsMKTRpkabonh
